0
0
8
0
0
10
4
14
7
0
873
0
0
51
0
0
0
3122
298
0
12
0
0
0
0
0
0
0
20
38
13
10
0
0
63
29
13
152
0
13
0
323
0
0
0
0
0
239
0
0
0
0
0
40
0
13
33
135
20
0
0
0
0
0
0
0
0
0
0
0
12
0
0
0
0
33
0
12
0
0
0
0
0
135
0
193
0
8
0
0
0
33
0
0
0
0
13
21
0
0
0
0
0
0
0
19
0
0
7
0
0
686
0
0
0
0
0
1532
0
57
401
0
0
0
0
0
0
0
0
44
0
0
7
0
0
0
0
2176
0
704912849
10
0
0
0
469
0
0
0
0
5
0
0
0
0
0
0
10
0
0
0
0
169
0
19
0
0
0
0
0
0
0
0
576
0
29
0
0
0
20
0
0
0
115
0
112
0
0
68
298
0
11
42
323
5
0
0
469
0
0
0
0
4
0
5389
0
0
0
0
0
38
0
0
0
0
0
0
0
0
0
0
0
0
0
0
0
0
135
0
0
0
0
35
33
0
0
0
0
13
0
469
0
0
0
0
0
0
37
0
0
0
0
20
0
0
10
193
0
0
44
0
0
152
0
401
0
0
0
2176
152
0
0
0
0
0
0
0
0
0
0
56
576
873
0
0
0
576
0
0
0
0
9
41
56
0
0
0
56
0
135
138
0
0
0
49
0
0
0
0
401
8
0
0
0
0
20
0
0
5389
0
3122
0
0
0
0
0
0
0
12
0
0
41
10
0
0
0
36
0
14
576
0
0
0
62
0
0
0
0
0
0
11589
0
193
0
0
0
0
152
0
0
0
0
0
0
0
2176
0
0
37207
9
0
9
44
0
0
0
193
86
5389
0
0
323
5389
0
16
0
11
0
0
0
0
0
0
0
0
0
12
18
21
0
3122
0
0
112
0
138
0
0
35
0
0
0
39
0
0
0
11589
0
0
0
0
0
0
0
0
0
0
0
0
0
323
0
0
0
3122
14
0
0
0
0
0
33
0
0
0
0
10
0
0
0
0
0
0
401
0
5389
0
0
0
0
0
469
0
0
0
0
0
704912849
0
0
0
0
63
0
0
0
0
42
7
469
0
0
40
0
0
41
3122
1153
0
0
0
0
2176
0
11
0
0
0
0
298
0
10
0
0
56
0
68
2176
0
11589
0
20
0
1532
0
0
0
0
0
6
0
0
0
2176
0
0
1153
12
0
39
0
0
0
0
0
0
12
873
0
0
68
0
0
0
0
0
9
0
0
0
20
0
0
469
0
0
0
0
0
576
0
12
12
13
0
0
7
0
13
0
29
7
135
0
63
0
0
16
0
0
0
0
1153
0
12
0
56
63
0
2176
0
193
0
0
0
0
0
0
0
0
0
11589
0
4
0
0
51
0
169
0
0
0
0
36
1532
0
298
39
21
13
0
56
0
0
1532
0
0
0
0
38
0
0
0
0
323
0
0
0
0
193
0
0
0
0
0
0
0
0
0
0
0
0
0
1532
0
0
9
0
72
704912849
11589
0
0
0
0
0
0
2
0
4
29
37
100
0
0
11589
24
21
13
0
100
0
0
9
0
873
0
0
686
576
0
0
323
135
0
135
0
35
0
0
68
0
0
0
0
0
1153
0
0
0
2
0
0
0
0
0
0
20
37207
0
469
0
0
0
37207
0
0
0
0
0
0
193
0
18
0
0
0
0
0
112
11
0
0
11589
0
686
0
0
0
0
37207
112
0
469
0
0
39
0
0
0
0
0
0
0
469
0
0
0
41
0
0
138
0
0
0
11589
19
0
0
265
298
57
9
0
0
12
0
68
0
0
0
239
0
11589
0
0
63
0
0
0
0
0
20
0
37207
0
0
0
138
0
0
0
7
0
0
11589
0
0
704912849
1153
37207
0
0
20
10
0
0
1532
0
0
100
0
0
0
5
0
0
873
0
0
33
0
0
0
11589
12
62
0
0
0
0
0
0
12
0
0
0
239
0
0
0
0
0
0
0
0
0
152
0
0
0
35
56
0
0
19
112
0
469
0
0
0
15
0
0
18
0
0
0
0
31
15
0
0
0
19
2176
0
0
0
0
0
0
3122
704912849
0
0
0
12
0
20
0
0
0
0
35
1532
0
33
0
0
0
0
0
138
0
100
239
0
0
138
0
0
0
0
0
0
0
0
0
86
401
0
0
0
0
0
0
0
112
68
19
0
0
0
0
576
10
323
0
0
100
0
0
0
138
0
0
193
0
0
40
873
0
0
0
12
0
0
0
68
686
0
0
152
0
0
298
0
0
12
0
0
0
16
0
0
0
0
0
152
686
0
20
0
0
0
0
0
0
0
100
0
0
0
0
2176
7
3122
298
193
0
0
0
0
0
63
0
0
0
20
0
0
0
0
0
0
0
0
56
469
0
0
0
6
0
0
323
0
38
63
0
0
0
0
2176
0
0
0
100
873
0
0
0
5
57
0
0
0
56
40
0
0
0
0
0
68
0
0
0
0
0
686
0
0
0
0
0
0
576
0
265
0
0
0
0
0
0
0
0
0
0
5
0
0
0
0
0
37207
15
0
0
0
0
0
0
0
0
0
152
0
0
0
0
0
0
265
62
40
0
0
0
0
0
0
0
0
38
0
0
0
13
0
14
0
0
0
0
0
0
0
0
1532
14
0
0
0
0
0
0
8
138
13
0
0
44
0
11589
0
63
0
0
0
0
0
0
0
0
0
37207
0
39
0
0
0
0
0
0
0
5
0
0
0
0
0
873
0
44
298
0
0
0
13
0
85
298
0
469
0
56
0
0
12
11589
31
0
12
704912849
0
0
0
0
0
0
0
0
29
0
0
0
0
0
0
0
0
19
0
0
0
0
0
33
10
0
0
0
0
0
0
0
138
0
0
11589
5
135
0
0
0
0
8
0
0
63
40
576
0
115
0
0
0
56
0
0
0
298
0
0
0
0
0
0
0
0
20
0
0
0
11
0
7
0
0
0
0
0
0
19
0
0
0
0
0
0
35
0
0
0
38
0
0
0
0
0
0
0
7
239
14
85
85
0
0
152
0
0
5389
42
0
0
0
0
873
0
0
0
5
0
0
0
5
51
0
40
0
12
0
873
873
0
0
31
0
112
0
0
36
0
0
21
0
0
44
39
0
0
56
0
0
39
0
10
0
0
0
72
0
0
5
5
0
0
0
0
0
0
5
56
0
0
41
138
0
873
0
0
41
0
0
0
0
0
0
0
0
56
0
36
0
0
686
0
239
4
0
0
0
0
0
152
0
576
0
0
19
0
0
0
0
0
0
0
0
0
0
0
0
12
0
0
0
0
36
0
0
0
0
0
0
0
0
0
873
39
0
0
11589
0
469
0
0
112
44
0
0
0
0
0
86
298
0
13
20
0
0
56
0
0
0
10
0
13
37207
0
0
193
8
0
7
873
0
0
9
0
0
0
0
0
0
0
0
0
85
0
873
41
576
152
298
4
72
0
0
35
0
0
0
0
0
0
298
0
0
0
0
0
0
29
0
0
0
0
0
0
0
873
0
0
11589
0
0
323
0
0
0
2176
0
686
0
0
0
12
15
2176
193
0
0
4
0
0
0
42
12
0
0
0
40
0
0
0
0
0
85
0
0
0
0
9
0
0
3122
6
5389
31
0
0
100
7
0
0
0
51
0
0
0
29
35
0
0
115
298
0
0
2176
0
686
0
0
0
0
0
0
0
0
0
12
0
0
0
8
0
21
0
0
36
41
0
13
0
0
0
873
56
0
0
0
0
0
85
44
0
49
686
576
100
873
686
5389
576
0
0
0
11
0
0
0
0
0
0
12
0
56
686
0
0
0
0
63
0
0
5
0
0
0
0
0
31
0
0
112
873
2176
0
0
0
12
0
41
0
24
0
0
0
0
0
13
3122
0
14
0
86
21
108
0
0
0
0
0
37207
0
0
0
0
3122
0
7
0
0
0
0
0
0
36
0
0
0
0
0
0
0
0
0
0
0
0
0
0
0
0
0
3122
0
0
0
40
0
0
0
0
0
35
0
0
0
0
0
0
0
0
0
63
0
0
0
0
0
0
0
0
7
51
0
10
19
19
0
0
13
0
0
20
38
0
0
0
44
0
0
298
0
0
0
33
0
0
138
0
0
0
0
0
0
704912849
0
0
0
0
169
10
5
0
0
469
0
38
0
15
0
0
0
0
0
298
0
1532
0
1532
12
1153
401
8
0
0
0
0
0
0
0
0
68
85
0
0
2176
63
0
401
0
873
0
0
20
85
5389
10
86
0
0
0
0
0
56
0
0
0
0
0
0
0
0
0
0
40
0
0
115
0
138
0
0
0
44
0
0
5
0
0
0
0
7
0
0
0
0
0
0
0
33
33
0
115
7
0
0
0
0
0
0
0
298
0
401
20
0
0
0
0
14
0
0
873
38
0
0
0
0
0
0
0
19
0
0
0
0
0
323
0
13
1532
0
0
7
0
0
0
37207
0
1532
0
135
193
0
138
0
0
0
0
0
0
0
0
0
138
0
0
0
0
0
0
704912849
152
0
37207
0
7
0
0
62
0
0
0
85
0
0
56
33
0
0
0
35
4
0
0
0
56
0
112
11589
469
0
0
0
41
0
68
0
138
0
20
0
0
68
0
0
0
0
0
704912849
3122
0
0
5
0
0
0
0
0
0
0
0
38
239
0
0
11589
56
42
38
0
0
0
0
0
0
0
2176
298
704912849
0
20
0
0
0
0
19
0
0
0
0
0
4
0
40
686
0
0
169
323
0
0
0
0
0
0
193
0
56
0
0
0
0
0
68
40
298
0
13
0
0
2176
0
0
108
7
0
0
44
0
0
0
0
0
14
51
135
704912849
56
0
0
0
0
0
0
469
0
0
0
0
0
0
24
0
7
0
0
0
0
0
0
0
0
0
0
0
0
0
0
298
0
0
0
576
0
873
0
0
0
0
0
469
0
42
0
0
0
0
0
873
0
0
0
63
0
0
31
0
0
12
0
20
3122
0
0
469
5
0
0
2176
169
0
0
44
873
0
5389
0
72
0
0
0
0
0
12
0
0
0
7
0
0
12
0
0
0
0
57
0
0
0
0
12
15
0
0
0
0
5389
0
13
0
63
0
33
11589
0
0
0
0
5389
0
3122
0
0
0
0
35
2
0
0
0
0
0
193
0
0
576
0
0
0
0
0
0
0
0
63
0
0
0
0
6
0
36
0
0
0
0
0
0
1532
0
13
11589
0
0
0
0
0
4
0
0
0
0
298
298
0
0
265
0
0
0
0
0
0
33
298
0
21
0
0
0
152
0
0
0
29
44
8
0
42
0
0
0
0
0
0
0
4
298
85
0
0
0
298
0
193
0
0
0
0
0
0
0
0
0
0
0
0
29
0
0
0
35
0
7
0
0
0
2
0
138
0
0
0
298
0
873
68
0
576
0
0
0
0
0
108
18
0
704912849
0
0
0
239
0
0
20
0
0
0
0
0
0
0
0
0
0
0
0
5389
0
0
0
0
112
0
0
41
13
138
0
0
0
20
0
0
1532
42
108
36
0
0
0
0
0
49
0
20
0
0
42
40
0
0
135
36
0
0
0
0
0
1532
0
5389
62
57
0
169
0
0
0
0
0
9
33
0
0
0
0
0
0
0
41
0
0
37
0
0
0
6
0
37207
0
169
0
0
0
0
41
0
0
0
0
9
4
0
0
9
193
0
0
0
0
20
68
0
0
0
68
0
19
100
0
0
0
13
42
0
0
3122
0
0
0
0
0
298
0
0
0
0
0
0
37
873
0
0
0
37
0
0
0
0
0
0
0
7
0
704912849
0
298
0
0
0
0
0
0
0
0
0
13
6
13
0
0
0
62
0
20
0
0
0
40
6
11589
68
11589
7
0
0
0
9
138
0
15
0
169
3122
0
0
115
0
0
0
0
0
0
0
0
239
11589
11589
6
0
0
0
0
19
0
112
686
0
1532
0
0
0
21
0
1532
0
0
37207
0
0
1532
0
0
0
0
0
112
0
112
20
2176
576
0
37207
37207
0
0
323
8
138
0
0
0
0
298
0
0
51
0
0
68
0
85
0
86
0
135
0
0
0
13
0
0
14
0
10
115
0
1153
323
0
0
0
0
265
193
44
19
0
0
2176
0
0
0
7
0
31
265
138
29
49
0
39
56
1532
0
0
0
0
0
0
0
63
56
0
41
12
0
29
0
0
0
0
0
10
11589
469
2176
0
0
0
0
135
0
0
10
0
0
0
0
0
0
0
51
0
14
0
0
0
11
40
0
0
0
0
0
0
0
0
0
0
0
1153
0
0
0
0
20
31
0
0
0
7
51
0
13
0
469
0
39
0
108
0
0
38
112
0
0
0
0
10
0
0
8
0
35
0
0
265
0
0
0
0
3122
0
0
0
0
0
11589
0
0
0
0
0
0
42
3122
193
0
0
0
0
3122
0
68
38
11589
0
0
56
108
0
704912849
0
0
12
44
135
0
0
0
56
39
0
12
3122
0
0
0
42
0
39
0
0
0
0
0
0
0
12
5389
0
0
0
0
0
0
135
0
0
0
0
0
0
0
0
0
0
0
0
0
13
0
265
0
0
0
14
44
0
0
0
2176
135
0
0
0
0
0
0
0
0
0
0
0
0
0
0
39
0
13
20
63
0
9
112
0
0
21
0
0
0
0
0
0
0
0
13
0
0
0
72
0
115
0
11
0
0
0
0
0
44
0
100
0
85
0
0
0
3122
0
0
0
0
0
44
0
239
0
0
0
0
0
469
0
0
0
0
0
0
0
0
3122
0
0
0
16
0
0
0
13
13
0
0
0
0
0
0
0
68
0
35
0
38
0
0
193
0
0
0
0
0
0
0
0
0
0
2176
0
298
0
0
0
2176
0
13
0
0
0
0
1532
265
0
0
11589
1153
0
0
0
0
0
0
0
7
5
0
0
0
0
0
100
100
0
0
0
0
0
0
0
0
0
0
0
0
0
0
0
0
0
33
56
5
0
0
68
0
0
0
0
0
0
112
2176
0
0
265
100
0
0
0
0
0
0
0
31
0
0
0
873
0
20
0
0
0
42
0
0
15
0
0
5389
0
3122
0
11589
0
323
100
0
0
0
0
13
0
0
0
15
0
169
0
0
44
0
0
0
0
0
265
0
469
0
0
4
0
0
0
0
56
0
62
0
0
0
0
0
0
0
0
0
0
0
12
0
0
12
0
0
0
0
112
0
38
469
0
0
0
21
2176
0
7
33
0
0
12
62
0
0
0
0
0
0
0
0
12
108
37
8
0
0
0
0
0
0
0
42
298
0
0
0
0
0
0
0
0
686
0
0
0
0
41
0
0
1153
704912849
0
193
0
39
0
0
0
0
21
11589
0
19
10
11
39
37
21
0
298
0
0
51
0
0
469
15
100
138
0
0
0
0
0
38
873
686
0
0
11589
0
1153
0
0
0
0
40
469
0
704912849
6
31
19
0
56
0
0
0
686
10
0
686
0
0
68
0
0
0
3122
0
0
0
0
0
1153
169
0
0
0
100
0
0
576
108
0
0
0
704912849
0
14
0
0
4
0
0
9
0
0
0
0
0
0
0
0
0
0
686
0
0
0
2
0
0
0
0
0
57
0
576
1532
0
2176
40
115
401
0
0
0
0
0
11
0
0
0
0
0
0
0
0
0
0
0
0
0
0
0
12
0
19
0
0
0
9
42
0
0
0
0
51
42
0
0
193
5
0
0
0
0
0
0
0
0
0
138
0
0
0
40
8
0
68
0
108
0
0
51
0
40
0
0
0
115
0
0
0
0
0
0
0
0
0
2176
0
0
112
265
41
0
1532
0
